<?xml version="1.0" encoding="UTF-8"?>
<testsuite xmlns:xsi="http://www.w3.org/2001/XMLSchema-instance" xsi:noNamespaceSchemaLocation="https://maven.apache.org/surefire/maven-surefire-plugin/xsd/surefire-test-report-3.0.xsd" version="3.0" name="edu.yu.cs.com1320.project.stage4.impl.Stage4Test" time="0.027" tests="1" errors="0" skipped="0" failures="0">
  <properties>
    <property name="java.specification.version" value="17"/>
    <property name="sun.jnu.encoding" value="UTF-8"/>
    <property name="java.class.path" value="/Users/jacobborenstein/Documents/YuCs/Github/Borenstein_Jacob_800755097/DataStructures/project/stage4/target/test-classes:/Users/jacobborenstein/Documents/YuCs/Github/Borenstein_Jacob_800755097/DataStructures/project/stage4/target/classes:/Users/jacobborenstein/.m2/repository/org/junit/jupiter/junit-jupiter/5.8.1/junit-jupiter-5.8.1.jar:/Users/jacobborenstein/.m2/repository/org/junit/jupiter/junit-jupiter-api/5.8.1/junit-jupiter-api-5.8.1.jar:/Users/jacobborenstein/.m2/repository/org/opentest4j/opentest4j/1.2.0/opentest4j-1.2.0.jar:/Users/jacobborenstein/.m2/repository/org/junit/platform/junit-platform-commons/1.8.1/junit-platform-commons-1.8.1.jar:/Users/jacobborenstein/.m2/repository/org/apiguardian/apiguardian-api/1.1.2/apiguardian-api-1.1.2.jar:/Users/jacobborenstein/.m2/repository/org/junit/jupiter/junit-jupiter-params/5.8.1/junit-jupiter-params-5.8.1.jar:/Users/jacobborenstein/.m2/repository/org/junit/jupiter/junit-jupiter-engine/5.8.1/junit-jupiter-engine-5.8.1.jar:/Users/jacobborenstein/.m2/repository/org/junit/platform/junit-platform-engine/1.8.1/junit-platform-engine-1.8.1.jar:"/>
    <property name="java.vm.vendor" value="Oracle Corporation"/>
    <property name="sun.arch.data.model" value="64"/>
    <property name="java.vendor.url" value="https://java.oracle.com/"/>
    <property name="os.name" value="Mac OS X"/>
    <property name="java.vm.specification.version" value="17"/>
    <property name="sun.java.launcher" value="SUN_STANDARD"/>
    <property name="user.country" value="US"/>
    <property name="sun.boot.library.path" value="/Library/Java/JavaVirtualMachines/jdk-17.jdk/Contents/Home/lib"/>
    <property name="sun.java.command" value="/Users/jacobborenstein/Documents/YuCs/Github/Borenstein_Jacob_800755097/DataStructures/project/stage4/target/surefire/surefirebooter-20240412111204317_3.jar /Users/jacobborenstein/Documents/YuCs/Github/Borenstein_Jacob_800755097/DataStructures/project/stage4/target/surefire 2024-04-12T11-12-04_182-jvmRun1 surefire-20240412111204317_1tmp surefire_0-20240412111204317_2tmp"/>
    <property name="http.nonProxyHosts" value="local|*.local|169.254/16|*.169.254/16"/>
    <property name="jdk.debug" value="release"/>
    <property name="surefire.test.class.path" value="/Users/jacobborenstein/Documents/YuCs/Github/Borenstein_Jacob_800755097/DataStructures/project/stage4/target/test-classes:/Users/jacobborenstein/Documents/YuCs/Github/Borenstein_Jacob_800755097/DataStructures/project/stage4/target/classes:/Users/jacobborenstein/.m2/repository/org/junit/jupiter/junit-jupiter/5.8.1/junit-jupiter-5.8.1.jar:/Users/jacobborenstein/.m2/repository/org/junit/jupiter/junit-jupiter-api/5.8.1/junit-jupiter-api-5.8.1.jar:/Users/jacobborenstein/.m2/repository/org/opentest4j/opentest4j/1.2.0/opentest4j-1.2.0.jar:/Users/jacobborenstein/.m2/repository/org/junit/platform/junit-platform-commons/1.8.1/junit-platform-commons-1.8.1.jar:/Users/jacobborenstein/.m2/repository/org/apiguardian/apiguardian-api/1.1.2/apiguardian-api-1.1.2.jar:/Users/jacobborenstein/.m2/repository/org/junit/jupiter/junit-jupiter-params/5.8.1/junit-jupiter-params-5.8.1.jar:/Users/jacobborenstein/.m2/repository/org/junit/jupiter/junit-jupiter-engine/5.8.1/junit-jupiter-engine-5.8.1.jar:/Users/jacobborenstein/.m2/repository/org/junit/platform/junit-platform-engine/1.8.1/junit-platform-engine-1.8.1.jar:"/>
    <property name="sun.cpu.endian" value="little"/>
    <property name="user.home" value="/Users/jacobborenstein"/>
    <property name="user.language" value="en"/>
    <property name="java.specification.vendor" value="Oracle Corporation"/>
    <property name="java.version.date" value="2023-07-18"/>
    <property name="java.home" value="/Library/Java/JavaVirtualMachines/jdk-17.jdk/Contents/Home"/>
    <property name="file.separator" value="/"/>
    <property name="basedir" value="/Users/jacobborenstein/Documents/YuCs/Github/Borenstein_Jacob_800755097/DataStructures/project/stage4"/>
    <property name="java.vm.compressedOopsMode" value="Zero based"/>
    <property name="line.separator" value="&#10;"/>
    <property name="java.specification.name" value="Java Platform API Specification"/>
    <property name="java.vm.specification.vendor" value="Oracle Corporation"/>
    <property name="surefire.real.class.path" value="/Users/jacobborenstein/Documents/YuCs/Github/Borenstein_Jacob_800755097/DataStructures/project/stage4/target/surefire/surefirebooter-20240412111204317_3.jar"/>
    <property name="sun.management.compiler" value="HotSpot 64-Bit Tiered Compilers"/>
    <property name="ftp.nonProxyHosts" value="local|*.local|169.254/16|*.169.254/16"/>
    <property name="java.runtime.version" value="17.0.8+9-LTS-211"/>
    <property name="user.name" value="jacobborenstein"/>
    <property name="path.separator" value=":"/>
    <property name="os.version" value="12.2.1"/>
    <property name="java.runtime.name" value="Java(TM) SE Runtime Environment"/>
    <property name="file.encoding" value="UTF-8"/>
    <property name="java.vm.name" value="Java HotSpot(TM) 64-Bit Server VM"/>
    <property name="localRepository" value="/Users/jacobborenstein/.m2/repository"/>
    <property name="java.vendor.url.bug" value="https://bugreport.java.com/bugreport/"/>
    <property name="java.io.tmpdir" value="/var/folders/r2/m1tc1fqd5bnc_802jk00s2gm0000gn/T/"/>
    <property name="java.version" value="17.0.8"/>
    <property name="user.dir" value="/Users/jacobborenstein/Documents/YuCs/Github/Borenstein_Jacob_800755097/DataStructures/project/stage4"/>
    <property name="os.arch" value="aarch64"/>
    <property name="java.vm.specification.name" value="Java Virtual Machine Specification"/>
    <property name="native.encoding" value="UTF-8"/>
    <property name="java.library.path" value="/Users/jacobborenstein/Library/Java/Extensions:/Library/Java/Extensions:/Network/Library/Java/Extensions:/System/Library/Java/Extensions:/usr/lib/java:."/>
    <property name="java.vm.info" value="mixed mode, sharing"/>
    <property name="java.vendor" value="Oracle Corporation"/>
    <property name="java.vm.version" value="17.0.8+9-LTS-211"/>
    <property name="sun.io.unicode.encoding" value="UnicodeBig"/>
    <property name="socksNonProxyHosts" value="local|*.local|169.254/16|*.169.254/16"/>
    <property name="java.class.version" value="61.0"/>
  </properties>
  <testcase name="Stage4Test" classname="edu.yu.cs.com1320.project.stage4.impl.Stage4Test" time="0.021">
    <system-out><![CDATA[1: edu.yu.cs.com1320.project.stage4.impl.DocumentImpl@3f781600
2: edu.yu.cs.com1320.project.stage4.impl.DocumentImpl@2b5ae5c7
3: edu.yu.cs.com1320.project.stage4.impl.DocumentImpl@506d3749
4: edu.yu.cs.com1320.project.stage4.impl.DocumentImpl@37751c2e
5: edu.yu.cs.com1320.project.stage4.impl.DocumentImpl@5c447605
6: edu.yu.cs.com1320.project.stage4.impl.DocumentImpl@71f3635a

GET TEST: edu.yu.cs.com1320.project.stage4.impl.DocumentImpl@6cb59fed
DELETING meta data and prefix 1,2,4,5: [uri2, Uri1, uri4, uri5]
SHUD BE EMPTY 1,2,3,4: []
SHUD BE full 1,2,3,4: [edu.yu.cs.com1320.project.stage4.impl.DocumentImpl@37751c2e, edu.yu.cs.com1320.project.stage4.impl.DocumentImpl@3f781600, edu.yu.cs.com1320.project.stage4.impl.DocumentImpl@5c447605, edu.yu.cs.com1320.project.stage4.impl.DocumentImpl@2b5ae5c7]
_-----------------------------------------

Matching meta data and prefix 1,2,4,5: [edu.yu.cs.com1320.project.stage4.impl.DocumentImpl@37751c2e, edu.yu.cs.com1320.project.stage4.impl.DocumentImpl@3f781600, edu.yu.cs.com1320.project.stage4.impl.DocumentImpl@5c447605, edu.yu.cs.com1320.project.stage4.impl.DocumentImpl@2b5ae5c7]
_-----------------------------------------

matching meta data 1,5,2,4: [edu.yu.cs.com1320.project.stage4.impl.DocumentImpl@2b5ae5c7, edu.yu.cs.com1320.project.stage4.impl.DocumentImpl@3f781600, edu.yu.cs.com1320.project.stage4.impl.DocumentImpl@37751c2e, edu.yu.cs.com1320.project.stage4.impl.DocumentImpl@5c447605]
matching Meta data and keyWord 1 & 5: [edu.yu.cs.com1320.project.stage4.impl.DocumentImpl@3f781600, edu.yu.cs.com1320.project.stage4.impl.DocumentImpl@5c447605]
matching meta data 3 & 6: [edu.yu.cs.com1320.project.stage4.impl.DocumentImpl@506d3749, edu.yu.cs.com1320.project.stage4.impl.DocumentImpl@71f3635a]
matching Meta data and keyWord 3 & 6: [edu.yu.cs.com1320.project.stage4.impl.DocumentImpl@506d3749, edu.yu.cs.com1320.project.stage4.impl.DocumentImpl@71f3635a]

_-----------------------------------------

Deleted URIs: 1 ,5 [Uri1, uri5]
[edu.yu.cs.com1320.project.stage4.impl.DocumentImpl@37751c2e]

SHUD HAVE 3; [edu.yu.cs.com1320.project.stage4.impl.DocumentImpl@5c447605, edu.yu.cs.com1320.project.stage4.impl.DocumentImpl@3f781600, edu.yu.cs.com1320.project.stage4.impl.DocumentImpl@37751c2e]
Deleted URIs: 1 ,5 [Uri1, uri5]
1: null
2: edu.yu.cs.com1320.project.stage4.impl.DocumentImpl@2b5ae5c7
3: edu.yu.cs.com1320.project.stage4.impl.DocumentImpl@506d3749
4: edu.yu.cs.com1320.project.stage4.impl.DocumentImpl@37751c2e
5: null
6: edu.yu.cs.com1320.project.stage4.impl.DocumentImpl@71f3635a

[edu.yu.cs.com1320.project.stage4.impl.DocumentImpl@37751c2e, edu.yu.cs.com1320.project.stage4.impl.DocumentImpl@71f3635a, edu.yu.cs.com1320.project.stage4.impl.DocumentImpl@2b5ae5c7]
[edu.yu.cs.com1320.project.stage4.impl.DocumentImpl@506d3749, edu.yu.cs.com1320.project.stage4.impl.DocumentImpl@37751c2e, edu.yu.cs.com1320.project.stage4.impl.DocumentImpl@71f3635a]

_-----------------------------------------
[uri2, uri3, uri6, uri4]

Shud all be null:
1: null
2: null
3: null
4: null
5: null
6: null

Shud all be back:
1: edu.yu.cs.com1320.project.stage4.impl.DocumentImpl@3f781600
2: edu.yu.cs.com1320.project.stage4.impl.DocumentImpl@2b5ae5c7
3: edu.yu.cs.com1320.project.stage4.impl.DocumentImpl@506d3749
4: edu.yu.cs.com1320.project.stage4.impl.DocumentImpl@37751c2e
5: edu.yu.cs.com1320.project.stage4.impl.DocumentImpl@5c447605
6: edu.yu.cs.com1320.project.stage4.impl.DocumentImpl@71f3635a
[edu.yu.cs.com1320.project.stage4.impl.DocumentImpl@5c447605, edu.yu.cs.com1320.project.stage4.impl.DocumentImpl@506d3749, edu.yu.cs.com1320.project.stage4.impl.DocumentImpl@3f781600, edu.yu.cs.com1320.project.stage4.impl.DocumentImpl@37751c2e, edu.yu.cs.com1320.project.stage4.impl.DocumentImpl@71f3635a, edu.yu.cs.com1320.project.stage4.impl.DocumentImpl@2b5ae5c7]

_-----------------------------------------

]]></system-out>
  </testcase>
</testsuite>